+ exec gosu vibecode scripts/studio
Starting in development mode...
Installing dependencies...
[0.03ms] ".env"
bun install v1.2.19 (aad3abea)

Checked 69 installs across 70 packages (no changes) [11.00ms]
No prisma/schema.prisma found. Studio requires a Prisma schema.
+ exec gosu vibecode scripts/studio
Starting in development mode...
Installing dependencies...
[0.03ms] ".env"
bun install v1.2.19 (aad3abea)

Checked 69 installs across 70 packages (no changes) [3.00ms]
No prisma/schema.prisma found. Studio requires a Prisma schema.
+ exec gosu vibecode scripts/studio
Starting in development mode...
Installing dependencies...
[0.05ms] ".env"
bun install v1.2.19 (aad3abea)

Checked 69 installs across 70 packages (no changes) [4.00ms]
No prisma/schema.prisma found. Studio requires a Prisma schema.
+ exec gosu vibecode scripts/studio
Starting in development mode...
Installing dependencies...
[0.04ms] ".env"
bun install v1.2.19 (aad3abea)

Checked 69 installs across 70 packages (no changes) [4.00ms]
No prisma/schema.prisma found. Studio requires a Prisma schema.
+ exec gosu vibecode scripts/studio
Starting in development mode...
Installing dependencies...
[0.04ms] ".env"
bun install v1.2.19 (aad3abea)

Checked 69 installs across 70 packages (no changes) [4.00ms]
No prisma/schema.prisma found. Studio requires a Prisma schema.
+ exec gosu vibecode scripts/studio
Starting in development mode...
Installing dependencies...
[0.04ms] ".env"
bun install v1.2.19 (aad3abea)

Checked 69 installs across 70 packages (no changes) [4.00ms]
No prisma/schema.prisma found. Studio requires a Prisma schema.
+ exec gosu vibecode scripts/studio
Starting in development mode...
Installing dependencies...
[0.05ms] ".env"
bun install v1.2.19 (aad3abea)

Checked 69 installs across 70 packages (no changes) [4.00ms]
No prisma/schema.prisma found. Studio requires a Prisma schema.
+ exec gosu vibecode scripts/studio
Starting in development mode...
Installing dependencies...
[0.04ms] ".env"
bun install v1.2.19 (aad3abea)

Checked 69 installs across 70 packages (no changes) [4.00ms]
No prisma/schema.prisma found. Studio requires a Prisma schema.
+ exec gosu vibecode scripts/studio
Starting in development mode...
Installing dependencies...
[0.04ms] ".env"
bun install v1.2.19 (aad3abea)

Checked 69 installs across 70 packages (no changes) [4.00ms]
No prisma/schema.prisma found. Studio requires a Prisma schema.
+ exec gosu vibecode scripts/studio
Starting in development mode...
Installing dependencies...
[0.04ms] ".env"
bun install v1.2.19 (aad3abea)

Checked 69 installs across 70 packages (no changes) [6.00ms]
No prisma/schema.prisma found. Studio requires a Prisma schema.
+ exec gosu vibecode scripts/studio
Starting in development mode...
Installing dependencies...
[0.04ms] ".env"
bun install v1.2.19 (aad3abea)

Checked 69 installs across 70 packages (no changes) [4.00ms]
No prisma/schema.prisma found. Studio requires a Prisma schema.
+ exec gosu vibecode scripts/studio
Starting in development mode...
Installing dependencies...
[0.04ms] ".env"
bun install v1.2.19 (aad3abea)

Checked 69 installs across 70 packages (no changes) [4.00ms]
No prisma/schema.prisma found. Studio requires a Prisma schema.
+ exec gosu vibecode scripts/studio
Starting in development mode...
Installing dependencies...
[0.04ms] ".env"
bun install v1.2.19 (aad3abea)

Checked 69 installs across 70 packages (no changes) [4.00ms]
No prisma/schema.prisma found. Studio requires a Prisma schema.
+ exec gosu vibecode scripts/studio
Starting in development mode...
Installing dependencies...
[0.04ms] ".env"
bun install v1.2.19 (aad3abea)

Checked 69 installs across 70 packages (no changes) [4.00ms]
No prisma/schema.prisma found. Studio requires a Prisma schema.
+ exec gosu vibecode scripts/studio
Starting in development mode...
Installing dependencies...
[0.04ms] ".env"
bun install v1.2.19 (aad3abea)

Checked 69 installs across 70 packages (no changes) [4.00ms]
No prisma/schema.prisma found. Studio requires a Prisma schema.
+ exec gosu vibecode scripts/studio
Starting in development mode...
+ exec gosu vibecode scripts/studio
Starting in development mode...
Installing dependencies...
[0.04ms] ".env"
bun install v1.2.19 (aad3abea)

Checked 69 installs across 70 packages (no changes) [14.00ms]
No prisma/schema.prisma found. Studio requires a Prisma schema.
+ exec gosu vibecode scripts/studio
Starting in development mode...
Installing dependencies...
[0.04ms] ".env"
bun install v1.2.19 (aad3abea)

Checked 69 installs across 70 packages (no changes) [4.00ms]
No prisma/schema.prisma found. Studio requires a Prisma schema.
+ exec gosu vibecode scripts/studio
Starting in development mode...
Installing dependencies...
[0.04ms] ".env"
bun install v1.2.19 (aad3abea)

Checked 69 installs across 70 packages (no changes) [4.00ms]
No prisma/schema.prisma found. Studio requires a Prisma schema.
+ exec gosu vibecode scripts/studio
Starting in development mode...
Installing dependencies...
[0.04ms] ".env"
bun install v1.2.19 (aad3abea)

Checked 69 installs across 70 packages (no changes) [4.00ms]
No prisma/schema.prisma found. Studio requires a Prisma schema.
+ exec gosu vibecode scripts/studio
Starting in development mode...
Installing dependencies...
[0.04ms] ".env"
bun install v1.2.19 (aad3abea)

Checked 69 installs across 70 packages (no changes) [4.00ms]
No prisma/schema.prisma found. Studio requires a Prisma schema.
+ exec gosu vibecode scripts/studio
Starting in development mode...
Installing dependencies...
[0.04ms] ".env"
bun install v1.2.19 (aad3abea)

Checked 69 installs across 70 packages (no changes) [4.00ms]
No prisma/schema.prisma found. Studio requires a Prisma schema.
+ exec gosu vibecode scripts/studio
Starting in development mode...
Installing dependencies...
[0.04ms] ".env"
bun install v1.2.19 (aad3abea)

Checked 69 installs across 70 packages (no changes) [3.00ms]
No prisma/schema.prisma found. Studio requires a Prisma schema.
+ exec gosu vibecode scripts/studio
Starting in development mode...
Installing dependencies...
[0.04ms] ".env"
bun install v1.2.19 (aad3abea)

Checked 69 installs across 70 packages (no changes) [4.00ms]
No prisma/schema.prisma found. Studio requires a Prisma schema.
+ exec gosu vibecode scripts/studio
Starting in development mode...
Installing dependencies...
[0.04ms] ".env"
bun install v1.2.19 (aad3abea)

Checked 69 installs across 70 packages (no changes) [4.00ms]
No prisma/schema.prisma found. Studio requires a Prisma schema.
+ exec gosu vibecode scripts/studio
Starting in development mode...
Installing dependencies...
[0.03ms] ".env"
bun install v1.2.19 (aad3abea)

Checked 69 installs across 70 packages (no changes) [4.00ms]
No prisma/schema.prisma found. Studio requires a Prisma schema.
+ exec gosu vibecode scripts/studio
Starting in development mode...
Installing dependencies...
[0.04ms] ".env"
bun install v1.2.19 (aad3abea)

Checked 69 installs across 70 packages (no changes) [4.00ms]
No prisma/schema.prisma found. Studio requires a Prisma schema.
+ exec gosu vibecode scripts/studio
Starting in development mode...
Installing dependencies...
[0.04ms] ".env"
bun install v1.2.19 (aad3abea)

Checked 69 installs across 70 packages (no changes) [4.00ms]
No prisma/schema.prisma found. Studio requires a Prisma schema.
+ exec gosu vibecode scripts/studio
Starting in development mode...
Installing dependencies...
[0.04ms] ".env"
bun install v1.2.19 (aad3abea)

Checked 69 installs across 70 packages (no changes) [4.00ms]
No prisma/schema.prisma found. Studio requires a Prisma schema.
+ exec gosu vibecode scripts/studio
Starting in development mode...
Installing dependencies...
[0.04ms] ".env"
bun install v1.2.19 (aad3abea)

Checked 69 installs across 70 packages (no changes) [4.00ms]
No prisma/schema.prisma found. Studio requires a Prisma schema.
+ exec gosu vibecode scripts/studio
Starting in development mode...
Installing dependencies...
[0.04ms] ".env"
bun install v1.2.19 (aad3abea)

Checked 69 installs across 70 packages (no changes) [4.00ms]
No prisma/schema.prisma found. Studio requires a Prisma schema.
+ exec gosu vibecode scripts/studio
Starting in development mode...
Installing dependencies...
[0.04ms] ".env"
bun install v1.2.19 (aad3abea)

Checked 69 installs across 70 packages (no changes) [4.00ms]
No prisma/schema.prisma found. Studio requires a Prisma schema.
+ exec gosu vibecode scripts/studio
Starting in development mode...
Installing dependencies...
[0.04ms] ".env"
bun install v1.2.19 (aad3abea)

Checked 69 installs across 70 packages (no changes) [4.00ms]
No prisma/schema.prisma found. Studio requires a Prisma schema.
+ exec gosu vibecode scripts/studio
Starting in development mode...
Installing dependencies...
[0.04ms] ".env"
bun install v1.2.19 (aad3abea)

Checked 69 installs across 70 packages (no changes) [4.00ms]
No prisma/schema.prisma found. Studio requires a Prisma schema.
+ exec gosu vibecode scripts/studio
Starting in development mode...
Installing dependencies...
[0.04ms] ".env"
bun install v1.2.19 (aad3abea)

Checked 69 installs across 70 packages (no changes) [4.00ms]
No prisma/schema.prisma found. Studio requires a Prisma schema.
+ exec gosu vibecode scripts/studio
Starting in development mode...
Installing dependencies...
[0.04ms] ".env"
bun install v1.2.19 (aad3abea)

Checked 69 installs across 70 packages (no changes) [4.00ms]
No prisma/schema.prisma found. Studio requires a Prisma schema.
+ exec gosu vibecode scripts/studio
Starting in development mode...
Installing dependencies...
[0.04ms] ".env"
bun install v1.2.19 (aad3abea)

Checked 69 installs across 70 packages (no changes) [4.00ms]
No prisma/schema.prisma found. Studio requires a Prisma schema.
+ exec gosu vibecode scripts/studio
Starting in development mode...
Installing dependencies...
[0.04ms] ".env"
bun install v1.2.19 (aad3abea)

Checked 69 installs across 70 packages (no changes) [8.00ms]
No prisma/schema.prisma found. Studio requires a Prisma schema.
+ exec gosu vibecode scripts/studio
Starting in development mode...
Installing dependencies...
[0.04ms] ".env"
bun install v1.2.19 (aad3abea)

Checked 69 installs across 70 packages (no changes) [4.00ms]
No prisma/schema.prisma found. Studio requires a Prisma schema.
+ exec gosu vibecode scripts/studio
Starting in development mode...
Installing dependencies...
[0.04ms] ".env"
bun install v1.2.19 (aad3abea)

Checked 69 installs across 70 packages (no changes) [4.00ms]
No prisma/schema.prisma found. Studio requires a Prisma schema.
+ exec gosu vibecode scripts/studio
Starting in development mode...
Installing dependencies...
[0.04ms] ".env"
bun install v1.2.19 (aad3abea)

Checked 69 installs across 70 packages (no changes) [4.00ms]
No prisma/schema.prisma found. Studio requires a Prisma schema.
+ exec gosu vibecode scripts/studio
Starting in development mode...
Installing dependencies...
[0.04ms] ".env"
bun install v1.2.19 (aad3abea)

Checked 69 installs across 70 packages (no changes) [4.00ms]
No prisma/schema.prisma found. Studio requires a Prisma schema.
+ exec gosu vibecode scripts/studio
Starting in development mode...
Installing dependencies...
[0.04ms] ".env"
bun install v1.2.19 (aad3abea)

Checked 69 installs across 70 packages (no changes) [4.00ms]
No prisma/schema.prisma found. Studio requires a Prisma schema.
+ exec gosu vibecode scripts/studio
Starting in development mode...
Installing dependencies...
[0.04ms] ".env"
bun install v1.2.19 (aad3abea)

Checked 69 installs across 70 packages (no changes) [4.00ms]
No prisma/schema.prisma found. Studio requires a Prisma schema.
+ exec gosu vibecode scripts/studio
Starting in development mode...
Installing dependencies...
[0.04ms] ".env"
bun install v1.2.19 (aad3abea)

Checked 69 installs across 70 packages (no changes) [4.00ms]
No prisma/schema.prisma found. Studio requires a Prisma schema.
+ exec gosu vibecode scripts/studio
Starting in development mode...
Installing dependencies...
[0.04ms] ".env"
bun install v1.2.19 (aad3abea)

Checked 69 installs across 70 packages (no changes) [4.00ms]
No prisma/schema.prisma found. Studio requires a Prisma schema.
+ exec gosu vibecode scripts/studio
Starting in development mode...
Installing dependencies...
[0.04ms] ".env"
bun install v1.2.19 (aad3abea)

Checked 69 installs across 70 packages (no changes) [4.00ms]
No prisma/schema.prisma found. Studio requires a Prisma schema.
+ exec gosu vibecode scripts/studio
Starting in development mode...
Installing dependencies...
[0.04ms] ".env"
bun install v1.2.19 (aad3abea)

Checked 69 installs across 70 packages (no changes) [4.00ms]
No prisma/schema.prisma found. Studio requires a Prisma schema.
+ exec gosu vibecode scripts/studio
Starting in development mode...
Installing dependencies...
[0.04ms] ".env"
bun install v1.2.19 (aad3abea)

Checked 69 installs across 70 packages (no changes) [4.00ms]
No prisma/schema.prisma found. Studio requires a Prisma schema.
+ exec gosu vibecode scripts/studio
Starting in development mode...
Installing dependencies...
[0.04ms] ".env"
bun install v1.2.19 (aad3abea)

Checked 69 installs across 70 packages (no changes) [4.00ms]
No prisma/schema.prisma found. Studio requires a Prisma schema.
+ exec gosu vibecode scripts/studio
Starting in development mode...
Installing dependencies...
[0.04ms] ".env"
bun install v1.2.19 (aad3abea)

Checked 69 installs across 70 packages (no changes) [4.00ms]
No prisma/schema.prisma found. Studio requires a Prisma schema.
+ exec gosu vibecode scripts/studio
Starting in development mode...
Installing dependencies...
[0.04ms] ".env"
bun install v1.2.19 (aad3abea)

Checked 69 installs across 70 packages (no changes) [4.00ms]
No prisma/schema.prisma found. Studio requires a Prisma schema.
+ exec gosu vibecode scripts/studio
Starting in development mode...
Installing dependencies...
[0.06ms] ".env"
bun install v1.2.19 (aad3abea)

Checked 69 installs across 70 packages (no changes) [4.00ms]
No prisma/schema.prisma found. Studio requires a Prisma schema.
+ exec gosu vibecode scripts/studio
Starting in development mode...
Installing dependencies...
[0.04ms] ".env"
bun install v1.2.19 (aad3abea)

Checked 69 installs across 70 packages (no changes) [4.00ms]
No prisma/schema.prisma found. Studio requires a Prisma schema.
+ exec gosu vibecode scripts/studio
Starting in development mode...
Installing dependencies...
[0.04ms] ".env"
bun install v1.2.19 (aad3abea)

Checked 69 installs across 70 packages (no changes) [4.00ms]
No prisma/schema.prisma found. Studio requires a Prisma schema.
+ exec gosu vibecode scripts/studio
Starting in development mode...
Installing dependencies...
[0.04ms] ".env"
bun install v1.2.19 (aad3abea)

Checked 69 installs across 70 packages (no changes) [7.00ms]
No prisma/schema.prisma found. Studio requires a Prisma schema.
+ exec gosu vibecode scripts/studio
Starting in development mode...
Installing dependencies...
[0.03ms] ".env"
bun install v1.2.19 (aad3abea)

Checked 69 installs across 70 packages (no changes) [3.00ms]
No prisma/schema.prisma found. Studio requires a Prisma schema.
+ exec gosu vibecode scripts/studio
Starting in development mode...
Installing dependencies...
[0.04ms] ".env"
bun install v1.2.19 (aad3abea)

Checked 69 installs across 70 packages (no changes) [4.00ms]
No prisma/schema.prisma found. Studio requires a Prisma schema.
+ exec gosu vibecode scripts/studio
Starting in development mode...
Installing dependencies...
[0.04ms] ".env"
bun install v1.2.19 (aad3abea)

Checked 69 installs across 70 packages (no changes) [3.00ms]
No prisma/schema.prisma found. Studio requires a Prisma schema.
+ exec gosu vibecode scripts/studio
Starting in development mode...
Installing dependencies...
[0.04ms] ".env"
bun install v1.2.19 (aad3abea)

Checked 69 installs across 70 packages (no changes) [4.00ms]
No prisma/schema.prisma found. Studio requires a Prisma schema.
+ exec gosu vibecode scripts/studio
Starting in development mode...
Installing dependencies...
[0.04ms] ".env"
bun install v1.2.19 (aad3abea)

Checked 69 installs across 70 packages (no changes) [4.00ms]
No prisma/schema.prisma found. Studio requires a Prisma schema.
+ exec gosu vibecode scripts/studio
Starting in development mode...
Installing dependencies...
[0.04ms] ".env"
bun install v1.2.19 (aad3abea)

Checked 69 installs across 70 packages (no changes) [4.00ms]
No prisma/schema.prisma found. Studio requires a Prisma schema.
+ exec gosu vibecode scripts/studio
Starting in development mode...
Installing dependencies...
[0.05ms] ".env"
bun install v1.2.19 (aad3abea)

Checked 69 installs across 70 packages (no changes) [4.00ms]
No prisma/schema.prisma found. Studio requires a Prisma schema.
+ exec gosu vibecode scripts/studio
Starting in development mode...
Installing dependencies...
[0.04ms] ".env"
bun install v1.2.19 (aad3abea)

Checked 69 installs across 70 packages (no changes) [4.00ms]
No prisma/schema.prisma found. Studio requires a Prisma schema.
+ exec gosu vibecode scripts/studio
Starting in development mode...
Installing dependencies...
[0.03ms] ".env"
bun install v1.2.19 (aad3abea)

Checked 69 installs across 70 packages (no changes) [4.00ms]
No prisma/schema.prisma found. Studio requires a Prisma schema.
+ exec gosu vibecode scripts/studio
Starting in development mode...
Installing dependencies...
[0.04ms] ".env"
bun install v1.2.19 (aad3abea)

Checked 69 installs across 70 packages (no changes) [4.00ms]
No prisma/schema.prisma found. Studio requires a Prisma schema.
+ exec gosu vibecode scripts/studio
Starting in development mode...
Installing dependencies...
[0.04ms] ".env"
bun install v1.2.19 (aad3abea)

Checked 69 installs across 70 packages (no changes) [7.00ms]
No prisma/schema.prisma found. Studio requires a Prisma schema.
+ exec gosu vibecode scripts/studio
Starting in development mode...
Installing dependencies...
[0.03ms] ".env"
bun install v1.2.19 (aad3abea)

Checked 69 installs across 70 packages (no changes) [4.00ms]
No prisma/schema.prisma found. Studio requires a Prisma schema.
+ exec gosu vibecode scripts/studio
Starting in development mode...
Installing dependencies...
[0.04ms] ".env"
bun install v1.2.19 (aad3abea)

Checked 69 installs across 70 packages (no changes) [4.00ms]
No prisma/schema.prisma found. Studio requires a Prisma schema.
+ exec gosu vibecode scripts/studio
Starting in development mode...
Installing dependencies...
[0.03ms] ".env"
bun install v1.2.19 (aad3abea)

Checked 69 installs across 70 packages (no changes) [4.00ms]
No prisma/schema.prisma found. Studio requires a Prisma schema.
+ exec gosu vibecode scripts/studio
Starting in development mode...
Installing dependencies...
[0.04ms] ".env"
bun install v1.2.19 (aad3abea)

Checked 69 installs across 70 packages (no changes) [4.00ms]
No prisma/schema.prisma found. Studio requires a Prisma schema.
+ exec gosu vibecode scripts/studio
Starting in development mode...
Installing dependencies...
[0.04ms] ".env"
bun install v1.2.19 (aad3abea)

Checked 69 installs across 70 packages (no changes) [4.00ms]
No prisma/schema.prisma found. Studio requires a Prisma schema.
+ exec gosu vibecode scripts/studio
Starting in development mode...
Installing dependencies...
[0.04ms] ".env"
bun install v1.2.19 (aad3abea)

Checked 69 installs across 70 packages (no changes) [5.00ms]
No prisma/schema.prisma found. Studio requires a Prisma schema.
+ exec gosu vibecode scripts/studio
Starting in development mode...
Installing dependencies...
[0.06ms] ".env"
bun install v1.2.19 (aad3abea)

Checked 69 installs across 70 packages (no changes) [4.00ms]
No prisma/schema.prisma found. Studio requires a Prisma schema.
+ exec gosu vibecode scripts/studio
Starting in development mode...
Installing dependencies...
[0.04ms] ".env"
bun install v1.2.19 (aad3abea)

Checked 69 installs across 70 packages (no changes) [4.00ms]
No prisma/schema.prisma found. Studio requires a Prisma schema.
+ exec gosu vibecode scripts/studio
Starting in development mode...
Installing dependencies...
[0.04ms] ".env"
bun install v1.2.19 (aad3abea)

Checked 69 installs across 70 packages (no changes) [4.00ms]
No prisma/schema.prisma found. Studio requires a Prisma schema.
+ exec gosu vibecode scripts/studio
Starting in development mode...
Installing dependencies...
[0.07ms] ".env"
bun install v1.2.19 (aad3abea)

Checked 69 installs across 70 packages (no changes) [4.00ms]
No prisma/schema.prisma found. Studio requires a Prisma schema.
+ exec gosu vibecode scripts/studio
Starting in development mode...
Installing dependencies...
[0.04ms] ".env"
bun install v1.2.19 (aad3abea)

Checked 69 installs across 70 packages (no changes) [4.00ms]
No prisma/schema.prisma found. Studio requires a Prisma schema.
+ exec gosu vibecode scripts/studio
Starting in development mode...
Installing dependencies...
[0.05ms] ".env"
bun install v1.2.19 (aad3abea)

Checked 69 installs across 70 packages (no changes) [4.00ms]
No prisma/schema.prisma found. Studio requires a Prisma schema.
+ exec gosu vibecode scripts/studio
Starting in development mode...
Installing dependencies...
[0.04ms] ".env"
bun install v1.2.19 (aad3abea)

Checked 69 installs across 70 packages (no changes) [3.00ms]
No prisma/schema.prisma found. Studio requires a Prisma schema.
+ exec gosu vibecode scripts/studio
Starting in development mode...
Installing dependencies...
[0.04ms] ".env"
bun install v1.2.19 (aad3abea)

Checked 69 installs across 70 packages (no changes) [4.00ms]
No prisma/schema.prisma found. Studio requires a Prisma schema.
+ exec gosu vibecode scripts/studio
Starting in development mode...
Installing dependencies...
[0.04ms] ".env"
bun install v1.2.19 (aad3abea)

Checked 69 installs across 70 packages (no changes) [4.00ms]
No prisma/schema.prisma found. Studio requires a Prisma schema.
+ exec gosu vibecode scripts/studio
Starting in development mode...
Installing dependencies...
[0.04ms] ".env"
bun install v1.2.19 (aad3abea)

Checked 69 installs across 70 packages (no changes) [4.00ms]
No prisma/schema.prisma found. Studio requires a Prisma schema.
+ exec gosu vibecode scripts/studio
Starting in development mode...
Installing dependencies...
[0.04ms] ".env"
bun install v1.2.19 (aad3abea)

Checked 69 installs across 70 packages (no changes) [4.00ms]
No prisma/schema.prisma found. Studio requires a Prisma schema.
+ exec gosu vibecode scripts/studio
Starting in development mode...
Installing dependencies...
[0.04ms] ".env"
bun install v1.2.19 (aad3abea)

Checked 69 installs across 70 packages (no changes) [4.00ms]
No prisma/schema.prisma found. Studio requires a Prisma schema.
+ exec gosu vibecode scripts/studio
Starting in development mode...
Installing dependencies...
[0.04ms] ".env"
bun install v1.2.19 (aad3abea)

Checked 69 installs across 70 packages (no changes) [8.00ms]
No prisma/schema.prisma found. Studio requires a Prisma schema.
+ exec gosu vibecode scripts/studio
Starting in development mode...
Installing dependencies...
[0.04ms] ".env"
bun install v1.2.19 (aad3abea)

Checked 69 installs across 70 packages (no changes) [4.00ms]
No prisma/schema.prisma found. Studio requires a Prisma schema.
+ exec gosu vibecode scripts/studio
Starting in development mode...
Installing dependencies...
[0.04ms] ".env"
bun install v1.2.19 (aad3abea)

Checked 69 installs across 70 packages (no changes) [4.00ms]
No prisma/schema.prisma found. Studio requires a Prisma schema.
+ exec gosu vibecode scripts/studio
Starting in development mode...
Installing dependencies...
[0.04ms] ".env"
bun install v1.2.19 (aad3abea)

Checked 69 installs across 70 packages (no changes) [3.00ms]
No prisma/schema.prisma found. Studio requires a Prisma schema.
+ exec gosu vibecode scripts/studio
Starting in development mode...
Installing dependencies...
[0.03ms] ".env"
bun install v1.2.19 (aad3abea)

Checked 69 installs across 70 packages (no changes) [4.00ms]
No prisma/schema.prisma found. Studio requires a Prisma schema.
+ exec gosu vibecode scripts/studio
Starting in development mode...
Installing dependencies...
[0.04ms] ".env"
bun install v1.2.19 (aad3abea)

Checked 69 installs across 70 packages (no changes) [3.00ms]
No prisma/schema.prisma found. Studio requires a Prisma schema.
+ exec gosu vibecode scripts/studio
Starting in development mode...
Installing dependencies...
[0.04ms] ".env"
bun install v1.2.19 (aad3abea)

Checked 69 installs across 70 packages (no changes) [4.00ms]
No prisma/schema.prisma found. Studio requires a Prisma schema.
+ exec gosu vibecode scripts/studio
Starting in development mode...
Installing dependencies...
[0.04ms] ".env"
bun install v1.2.19 (aad3abea)

Checked 69 installs across 70 packages (no changes) [3.00ms]
No prisma/schema.prisma found. Studio requires a Prisma schema.
+ exec gosu vibecode scripts/studio
Starting in development mode...
Installing dependencies...
[0.03ms] ".env"
bun install v1.2.19 (aad3abea)

Checked 69 installs across 70 packages (no changes) [4.00ms]
No prisma/schema.prisma found. Studio requires a Prisma schema.
+ exec gosu vibecode scripts/studio
Starting in development mode...
Installing dependencies...
[0.05ms] ".env"
bun install v1.2.19 (aad3abea)

Checked 69 installs across 70 packages (no changes) [4.00ms]
No prisma/schema.prisma found. Studio requires a Prisma schema.
+ exec gosu vibecode scripts/studio
Starting in development mode...
Installing dependencies...
[0.03ms] ".env"
bun install v1.2.19 (aad3abea)

Checked 69 installs across 70 packages (no changes) [3.00ms]
No prisma/schema.prisma found. Studio requires a Prisma schema.
+ exec gosu vibecode scripts/studio
Starting in development mode...
Installing dependencies...
[0.03ms] ".env"
bun install v1.2.19 (aad3abea)

Checked 69 installs across 70 packages (no changes) [4.00ms]
No prisma/schema.prisma found. Studio requires a Prisma schema.
+ exec gosu vibecode scripts/studio
Starting in development mode...
Installing dependencies...
[0.03ms] ".env"
bun install v1.2.19 (aad3abea)

Checked 69 installs across 70 packages (no changes) [3.00ms]
No prisma/schema.prisma found. Studio requires a Prisma schema.
+ exec gosu vibecode scripts/studio
Starting in development mode...
Installing dependencies...
[0.04ms] ".env"
bun install v1.2.19 (aad3abea)

Checked 69 installs across 70 packages (no changes) [3.00ms]
No prisma/schema.prisma found. Studio requires a Prisma schema.
+ exec gosu vibecode scripts/studio
Starting in development mode...
Installing dependencies...
[0.04ms] ".env"
bun install v1.2.19 (aad3abea)

Checked 69 installs across 70 packages (no changes) [4.00ms]
No prisma/schema.prisma found. Studio requires a Prisma schema.
+ exec gosu vibecode scripts/studio
Starting in development mode...
Installing dependencies...
[0.04ms] ".env"
bun install v1.2.19 (aad3abea)

Checked 69 installs across 70 packages (no changes) [4.00ms]
No prisma/schema.prisma found. Studio requires a Prisma schema.
+ exec gosu vibecode scripts/studio
Starting in development mode...
Installing dependencies...
[0.03ms] ".env"
bun install v1.2.19 (aad3abea)

Checked 69 installs across 70 packages (no changes) [3.00ms]
No prisma/schema.prisma found. Studio requires a Prisma schema.
+ exec gosu vibecode scripts/studio
Starting in development mode...
Installing dependencies...
[0.03ms] ".env"
bun install v1.2.19 (aad3abea)

Checked 69 installs across 70 packages (no changes) [3.00ms]
No prisma/schema.prisma found. Studio requires a Prisma schema.
+ exec gosu vibecode scripts/studio
Starting in development mode...
Installing dependencies...
[0.04ms] ".env"
bun install v1.2.19 (aad3abea)

Checked 69 installs across 70 packages (no changes) [3.00ms]
No prisma/schema.prisma found. Studio requires a Prisma schema.
+ exec gosu vibecode scripts/studio
Starting in development mode...
Installing dependencies...
[0.04ms] ".env"
bun install v1.2.19 (aad3abea)

Checked 69 installs across 70 packages (no changes) [3.00ms]
No prisma/schema.prisma found. Studio requires a Prisma schema.
+ exec gosu vibecode scripts/studio
Starting in development mode...
Installing dependencies...
[0.49ms] ".env"
bun install v1.2.19 (aad3abea)

+ @types/bun@1.2.23
+ typescript@5.8.3
+ @hono/node-server@1.12.0
+ @vibecodeapp/backend-sdk@1.0.1
+ @vibecodeapp/cloud-studio@0.2.4
+ @vibecodeapp/proxy@2.0.3
+ hono@4.6.0
+ zod@4.1.11

69 packages installed [988.00ms]
No prisma/schema.prisma found. Studio requires a Prisma schema.
+ exec gosu vibecode scripts/studio
Starting in development mode...
Installing dependencies...
[0.03ms] ".env"
bun install v1.2.19 (aad3abea)

Checked 69 installs across 70 packages (no changes) [3.00ms]
No prisma/schema.prisma found. Studio requires a Prisma schema.
+ exec gosu vibecode scripts/studio
Starting in development mode...
Installing dependencies...
[0.03ms] ".env"
bun install v1.2.19 (aad3abea)

Checked 69 installs across 70 packages (no changes) [3.00ms]
No prisma/schema.prisma found. Studio requires a Prisma schema.
+ exec gosu vibecode scripts/studio
Starting in development mode...
Installing dependencies...
[0.03ms] ".env"
bun install v1.2.19 (aad3abea)

Checked 69 installs across 70 packages (no changes) [3.00ms]
No prisma/schema.prisma found. Studio requires a Prisma schema.
+ exec gosu vibecode scripts/studio
Starting in development mode...
Installing dependencies...
[0.04ms] ".env"
bun install v1.2.19 (aad3abea)

Checked 69 installs across 70 packages (no changes) [3.00ms]
No prisma/schema.prisma found. Studio requires a Prisma schema.
+ exec gosu vibecode scripts/studio
Starting in development mode...
Installing dependencies...
[0.03ms] ".env"
bun install v1.2.19 (aad3abea)

Checked 69 installs across 70 packages (no changes) [18.00ms]
No prisma/schema.prisma found. Studio requires a Prisma schema.
+ exec gosu vibecode scripts/studio
Starting in development mode...
Installing dependencies...
[0.03ms] ".env"
bun install v1.2.19 (aad3abea)

Checked 69 installs across 70 packages (no changes) [5.00ms]
No prisma/schema.prisma found. Studio requires a Prisma schema.
+ exec gosu vibecode scripts/studio
Starting in development mode...
Installing dependencies...
[0.03ms] ".env"
bun install v1.2.19 (aad3abea)

Checked 69 installs across 70 packages (no changes) [3.00ms]
No prisma/schema.prisma found. Studio requires a Prisma schema.
+ exec gosu vibecode scripts/studio
Starting in development mode...
Installing dependencies...
[0.04ms] ".env"
bun install v1.2.19 (aad3abea)

Checked 69 installs across 70 packages (no changes) [3.00ms]
No prisma/schema.prisma found. Studio requires a Prisma schema.
+ exec gosu vibecode scripts/studio
Starting in development mode...
Installing dependencies...
[0.03ms] ".env"
bun install v1.2.19 (aad3abea)

Checked 69 installs across 70 packages (no changes) [4.00ms]
No prisma/schema.prisma found. Studio requires a Prisma schema.
+ exec gosu vibecode scripts/studio
Starting in development mode...
Installing dependencies...
[0.03ms] ".env"
bun install v1.2.19 (aad3abea)

Checked 69 installs across 70 packages (no changes) [3.00ms]
No prisma/schema.prisma found. Studio requires a Prisma schema.
+ exec gosu vibecode scripts/studio
Starting in development mode...
Installing dependencies...
[0.03ms] ".env"
bun install v1.2.19 (aad3abea)

Checked 69 installs across 70 packages (no changes) [3.00ms]
No prisma/schema.prisma found. Studio requires a Prisma schema.
+ exec gosu vibecode scripts/studio
Starting in development mode...
Installing dependencies...
[0.03ms] ".env"
bun install v1.2.19 (aad3abea)

Checked 69 installs across 70 packages (no changes) [7.00ms]
No prisma/schema.prisma found. Studio requires a Prisma schema.
+ exec gosu vibecode scripts/studio
Starting in development mode...
Installing dependencies...
[0.03ms] ".env"
bun install v1.2.19 (aad3abea)

Checked 69 installs across 70 packages (no changes) [3.00ms]
No prisma/schema.prisma found. Studio requires a Prisma schema.
+ exec gosu vibecode scripts/studio
Starting in development mode...
Installing dependencies...
[0.03ms] ".env"
bun install v1.2.19 (aad3abea)

Checked 69 installs across 70 packages (no changes) [3.00ms]
No prisma/schema.prisma found. Studio requires a Prisma schema.
+ exec gosu vibecode scripts/studio
Starting in development mode...
Installing dependencies...
[0.03ms] ".env"
bun install v1.2.19 (aad3abea)

Checked 69 installs across 70 packages (no changes) [4.00ms]
No prisma/schema.prisma found. Studio requires a Prisma schema.
+ exec gosu vibecode scripts/studio
Starting in development mode...
Installing dependencies...
[0.03ms] ".env"
bun install v1.2.19 (aad3abea)

Checked 69 installs across 70 packages (no changes) [3.00ms]
No prisma/schema.prisma found. Studio requires a Prisma schema.
+ exec gosu vibecode scripts/studio
Starting in development mode...
Installing dependencies...
[0.03ms] ".env"
bun install v1.2.19 (aad3abea)

Checked 69 installs across 70 packages (no changes) [4.00ms]
No prisma/schema.prisma found. Studio requires a Prisma schema.
+ exec gosu vibecode scripts/studio
Starting in development mode...
Installing dependencies...
[0.03ms] ".env"
bun install v1.2.19 (aad3abea)

Checked 69 installs across 70 packages (no changes) [3.00ms]
No prisma/schema.prisma found. Studio requires a Prisma schema.
+ exec gosu vibecode scripts/studio
Starting in development mode...
Installing dependencies...
[0.03ms] ".env"
bun install v1.2.19 (aad3abea)

Checked 69 installs across 70 packages (no changes) [3.00ms]
No prisma/schema.prisma found. Studio requires a Prisma schema.
+ exec gosu vibecode scripts/studio
Starting in development mode...
Installing dependencies...
[0.03ms] ".env"
bun install v1.2.19 (aad3abea)

Checked 69 installs across 70 packages (no changes) [4.00ms]
No prisma/schema.prisma found. Studio requires a Prisma schema.
+ exec gosu vibecode scripts/studio
Starting in development mode...
Installing dependencies...
[0.03ms] ".env"
bun install v1.2.19 (aad3abea)

Checked 69 installs across 70 packages (no changes) [3.00ms]
No prisma/schema.prisma found. Studio requires a Prisma schema.
+ exec gosu vibecode scripts/studio
Starting in development mode...
Installing dependencies...
[0.03ms] ".env"
bun install v1.2.19 (aad3abea)

Checked 69 installs across 70 packages (no changes) [10.00ms]
No prisma/schema.prisma found. Studio requires a Prisma schema.
+ exec gosu vibecode scripts/studio
Starting in development mode...
Installing dependencies...
[0.03ms] ".env"
bun install v1.2.19 (aad3abea)

Checked 69 installs across 70 packages (no changes) [3.00ms]
No prisma/schema.prisma found. Studio requires a Prisma schema.
+ exec gosu vibecode scripts/studio
Starting in development mode...
Installing dependencies...
[0.03ms] ".env"
bun install v1.2.19 (aad3abea)

Checked 69 installs across 70 packages (no changes) [4.00ms]
No prisma/schema.prisma found. Studio requires a Prisma schema.
+ exec gosu vibecode scripts/studio
Starting in development mode...
Installing dependencies...
[0.03ms] ".env"
bun install v1.2.19 (aad3abea)

Checked 69 installs across 70 packages (no changes) [3.00ms]
No prisma/schema.prisma found. Studio requires a Prisma schema.
+ exec gosu vibecode scripts/studio
Starting in development mode...
Installing dependencies...
[0.03ms] ".env"
bun install v1.2.19 (aad3abea)

Checked 69 installs across 70 packages (no changes) [3.00ms]
No prisma/schema.prisma found. Studio requires a Prisma schema.
+ exec gosu vibecode scripts/studio
Starting in development mode...
Installing dependencies...
[0.03ms] ".env"
bun install v1.2.19 (aad3abea)

Checked 69 installs across 70 packages (no changes) [3.00ms]
No prisma/schema.prisma found. Studio requires a Prisma schema.
+ exec gosu vibecode scripts/studio
Starting in development mode...
Installing dependencies...
[0.03ms] ".env"
bun install v1.2.19 (aad3abea)

Checked 69 installs across 70 packages (no changes) [3.00ms]
No prisma/schema.prisma found. Studio requires a Prisma schema.
+ exec gosu vibecode scripts/studio
Starting in development mode...
Installing dependencies...
[0.03ms] ".env"
bun install v1.2.19 (aad3abea)

Checked 69 installs across 70 packages (no changes) [3.00ms]
No prisma/schema.prisma found. Studio requires a Prisma schema.
+ exec gosu vibecode scripts/studio
Starting in development mode...
Installing dependencies...
[0.03ms] ".env"
bun install v1.2.19 (aad3abea)

Checked 69 installs across 70 packages (no changes) [4.00ms]
No prisma/schema.prisma found. Studio requires a Prisma schema.
+ exec gosu vibecode scripts/studio
Starting in development mode...
Installing dependencies...
[0.03ms] ".env"
bun install v1.2.19 (aad3abea)

Checked 69 installs across 70 packages (no changes) [3.00ms]
No prisma/schema.prisma found. Studio requires a Prisma schema.
